<?xml version="1.0" encoding="UTF-8"?>
<testng-results total="9" passed="9" failed="0" skipped="0">
  <reporter-output>
  </reporter-output>
  <suite started-at="2022-06-02T14:08:28Z" name="Default suite" finished-at="2022-06-02T14:08:56Z" duration-ms="27629">
    <groups>
    </groups>
    <test started-at="2022-06-02T14:08:28Z" name="Default test" finished-at="2022-06-02T14:08:56Z" duration-ms="27629">
      <class name="com.TestLayer.PIMPageTest">
        <test-method is-config="true" signature="setUp()[pri:0, instance:com.TestLayer.PIMPageTest@d771cc9]" started-at="2022-06-02T19:38:28Z" name="setUp" finished-at="2022-06-02T19:38:35Z" duration-ms="7179" status="PASS">
          <reporter-output>
          </reporter-output>
        </test-method> <!-- setUp -->
        <test-method signature="loginFunctionality()[pri:0, instance:com.TestLayer.PIMPageTest@d771cc9]" started-at="2022-06-02T19:38:35Z" name="loginFunctionality" finished-at="2022-06-02T19:38:40Z" duration-ms="4793" status="PASS">
          <reporter-output>
          </reporter-output>
        </test-method> <!-- loginFunctionality -->
        <test-method signature="validateHomePageTitle()[pri:0, instance:com.TestLayer.PIMPageTest@d771cc9]" started-at="2022-06-02T19:38:40Z" name="validateHomePageTitle" finished-at="2022-06-02T19:38:40Z" duration-ms="19" status="PASS">
          <reporter-output>
          </reporter-output>
        </test-method> <!-- validateHomePageTitle -->
        <test-method signature="validateHomePageUrl()[pri:0, instance:com.TestLayer.PIMPageTest@d771cc9]" started-at="2022-06-02T19:38:40Z" name="validateHomePageUrl" finished-at="2022-06-02T19:38:40Z" duration-ms="8" status="PASS">
          <reporter-output>
          </reporter-output>
        </test-method> <!-- validateHomePageUrl -->
        <test-method signature="validateHomePagelogo()[pri:0, instance:com.TestLayer.PIMPageTest@d771cc9]" started-at="2022-06-02T19:38:40Z" name="validateHomePagelogo" finished-at="2022-06-02T19:38:40Z" duration-ms="73" status="PASS">
          <reporter-output>
          </reporter-output>
        </test-method> <!-- validateHomePagelogo -->
        <test-method signature="validateHomePagePIMPage()[pri:0, instance:com.TestLayer.PIMPageTest@d771cc9]" started-at="2022-06-02T19:38:40Z" name="validateHomePagePIMPage" finished-at="2022-06-02T19:38:42Z" duration-ms="1805" status="PASS">
          <reporter-output>
          </reporter-output>
        </test-method> <!-- validateHomePagePIMPage -->
        <test-method signature="validateCreateNewUserFunctionality()[pri:0, instance:com.TestLayer.PIMPageTest@d771cc9]" started-at="2022-06-02T19:38:42Z" name="validateCreateNewUserFunctionality" finished-at="2022-06-02T19:38:45Z" duration-ms="3201" status="PASS">
          <reporter-output>
          </reporter-output>
        </test-method> <!-- validateCreateNewUserFunctionality -->
        <test-method signature="validateMorePersonalInformation()[pri:0, instance:com.TestLayer.PIMPageTest@d771cc9]" started-at="2022-06-02T19:38:45Z" name="validateMorePersonalInformation" finished-at="2022-06-02T19:38:49Z" duration-ms="3233" status="PASS">
          <reporter-output>
          </reporter-output>
        </test-method> <!-- validateMorePersonalInformation -->
        <test-method signature="validateJobDetailFunctionality()[pri:0, instance:com.TestLayer.PIMPageTest@d771cc9]" started-at="2022-06-02T19:38:49Z" name="validateJobDetailFunctionality" finished-at="2022-06-02T19:38:52Z" duration-ms="3564" status="PASS">
          <reporter-output>
          </reporter-output>
        </test-method> <!-- validateJobDetailFunctionality -->
        <test-method signature="validateUserandDelete()[pri:0, instance:com.TestLayer.PIMPageTest@d771cc9]" started-at="2022-06-02T19:38:52Z" name="validateUserandDelete" finished-at="2022-06-02T19:38:56Z" duration-ms="3406" status="PASS">
          <reporter-output>
          </reporter-output>
        </test-method> <!-- validateUserandDelete -->
        <test-method is-config="true" signature="tearDown()[pri:0, instance:com.TestLayer.PIMPageTest@d771cc9]" started-at="2022-06-02T19:38:56Z" name="tearDown" finished-at="2022-06-02T19:38:56Z" duration-ms="310" status="PASS">
          <reporter-output>
          </reporter-output>
        </test-method> <!-- tearDown -->
      </class> <!-- com.TestLayer.PIMPageTest -->
    </test> <!-- Default test -->
  </suite> <!-- Default suite -->
</testng-results>
