<?xml version="1.0" encoding="UTF-8"?>
<testng-results total="9" passed="8" failed="1" skipped="0">
  <reporter-output>
  </reporter-output>
  <suite started-at="2022-04-24T15:31:58Z" name="Orange HRM Test " finished-at="2022-04-24T15:32:58Z" duration-ms="60004">
    <groups>
    </groups>
    <test started-at="2022-04-24T15:31:58Z" name="PIM Page Test " finished-at="2022-04-24T15:32:58Z" duration-ms="60004">
      <class name="com.TestLayer.PIMPageTest">
        <test-method is-config="true" signature="setUp()[pri:0, instance:com.TestLayer.PIMPageTest@7daa0fbd]" started-at="2022-04-24T21:01:58Z" name="setUp" finished-at="2022-04-24T21:02:06Z" duration-ms="8180" status="PASS">
          <reporter-output>
          </reporter-output>
        </test-method> <!-- setUp -->
        <test-method signature="loginFunctionality()[pri:0, instance:com.TestLayer.PIMPageTest@7daa0fbd]" started-at="2022-04-24T21:02:06Z" name="loginFunctionality" finished-at="2022-04-24T21:02:12Z" duration-ms="5132" status="PASS">
          <reporter-output>
          </reporter-output>
        </test-method> <!-- loginFunctionality -->
        <test-method signature="validateHomePageTitle()[pri:0, instance:com.TestLayer.PIMPageTest@7daa0fbd]" started-at="2022-04-24T21:02:12Z" name="validateHomePageTitle" finished-at="2022-04-24T21:02:12Z" duration-ms="15" status="PASS">
          <reporter-output>
          </reporter-output>
        </test-method> <!-- validateHomePageTitle -->
        <test-method signature="validateHomePageUrl()[pri:0, instance:com.TestLayer.PIMPageTest@7daa0fbd]" started-at="2022-04-24T21:02:12Z" name="validateHomePageUrl" finished-at="2022-04-24T21:02:12Z" duration-ms="9" status="PASS">
          <reporter-output>
          </reporter-output>
        </test-method> <!-- validateHomePageUrl -->
        <test-method signature="validateHomePagelogo()[pri:0, instance:com.TestLayer.PIMPageTest@7daa0fbd]" started-at="2022-04-24T21:02:12Z" name="validateHomePagelogo" finished-at="2022-04-24T21:02:12Z" duration-ms="59" status="PASS">
          <reporter-output>
          </reporter-output>
        </test-method> <!-- validateHomePagelogo -->
        <test-method signature="validateHomePagePIMPage()[pri:0, instance:com.TestLayer.PIMPageTest@7daa0fbd]" started-at="2022-04-24T21:02:12Z" name="validateHomePagePIMPage" finished-at="2022-04-24T21:02:15Z" duration-ms="2102" status="PASS">
          <reporter-output>
          </reporter-output>
        </test-method> <!-- validateHomePagePIMPage -->
        <test-method signature="validateCreateNewUserFunctionality()[pri:0, instance:com.TestLayer.PIMPageTest@7daa0fbd]" started-at="2022-04-24T21:02:15Z" name="validateCreateNewUserFunctionality" finished-at="2022-04-24T21:02:18Z" duration-ms="3278" status="PASS">
          <reporter-output>
          </reporter-output>
        </test-method> <!-- validateCreateNewUserFunctionality -->
        <test-method signature="validateMorePersonalInformation()[pri:0, instance:com.TestLayer.PIMPageTest@7daa0fbd]" started-at="2022-04-24T21:02:18Z" name="validateMorePersonalInformation" finished-at="2022-04-24T21:02:22Z" duration-ms="3243" status="PASS">
          <reporter-output>
          </reporter-output>
        </test-method> <!-- validateMorePersonalInformation -->
        <test-method signature="validateJobDetailFunctionality()[pri:0, instance:com.TestLayer.PIMPageTest@7daa0fbd]" started-at="2022-04-24T21:02:22Z" name="validateJobDetailFunctionality" finished-at="2022-04-24T21:02:54Z" duration-ms="32010" status="FAIL">
          <exception class="org.openqa.selenium.NoSuchElementException">
            <message>
              <![CDATA[no such element: Unable to locate element: {"method":"css selector","selector":"#job_ion"}
  (Session info: chrome=100.0.4896.127)
For documentation on this error, please visit: https://selenium.dev/exceptions/#no_such_element
Build info: version: '4.0.0', revision: '3a21814679'
System info: host: 'DESKTOP-3NRNP42', ip: '192.168.1.25', os.name: 'Windows 10', os.arch: 'amd64', os.version: '10.0', java.version: '17.0.2'
Driver info: org.openqa.selenium.chrome.ChromeDriver
Command: [396773097d757edfa3cfa0ddeae231e2, findElement {using=id, value=job_ion}]
Capabilities {acceptInsecureCerts: false, browserName: chrome, browserVersion: 100.0.4896.127, chrome: {chromedriverVersion: 99.0.4844.51 (d537ec02474b5..., userDataDir: C:\Users\praf0\AppData\Loca...}, goog:chromeOptions: {debuggerAddress: localhost:57445}, javascriptEnabled: true, networkConnectionEnabled: false, pageLoadStrategy: normal, platform: WINDOWS, platformName: WINDOWS, proxy: Proxy(), se:cdp: ws://localhost:57445/devtoo..., se:cdpVersion: 100.0.4896.127, setWindowRect: true, strictFileInteractability: false, timeouts: {implicit: 0, pageLoad: 300000, script: 30000}, unhandledPromptBehavior: dismiss and notify, webauthn:extension:credBlob: true, webauthn:extension:largeBlob: true, webauthn:virtualAuthenticators: true}
Session ID: 396773097d757edfa3cfa0ddeae231e2]]>
            </message>
            <full-stacktrace>
              <![CDATA[org.openqa.selenium.NoSuchElementException: no such element: Unable to locate element: {"method":"css selector","selector":"#job_ion"}
  (Session info: chrome=100.0.4896.127)
For documentation on this error, please visit: https://selenium.dev/exceptions/#no_such_element
Build info: version: '4.0.0', revision: '3a21814679'
System info: host: 'DESKTOP-3NRNP42', ip: '192.168.1.25', os.name: 'Windows 10', os.arch: 'amd64', os.version: '10.0', java.version: '17.0.2'
Driver info: org.openqa.selenium.chrome.ChromeDriver
Command: [396773097d757edfa3cfa0ddeae231e2, findElement {using=id, value=job_ion}]
Capabilities {acceptInsecureCerts: false, browserName: chrome, browserVersion: 100.0.4896.127, chrome: {chromedriverVersion: 99.0.4844.51 (d537ec02474b5..., userDataDir: C:\Users\praf0\AppData\Loca...}, goog:chromeOptions: {debuggerAddress: localhost:57445}, javascriptEnabled: true, networkConnectionEnabled: false, pageLoadStrategy: normal, platform: WINDOWS, platformName: WINDOWS, proxy: Proxy(), se:cdp: ws://localhost:57445/devtoo..., se:cdpVersion: 100.0.4896.127, setWindowRect: true, strictFileInteractability: false, timeouts: {implicit: 0, pageLoad: 300000, script: 30000}, unhandledPromptBehavior: dismiss and notify, webauthn:extension:credBlob: true, webauthn:extension:largeBlob: true, webauthn:virtualAuthenticators: true}
Session ID: 396773097d757edfa3cfa0ddeae231e2
	at java.base/jdk.internal.reflect.NativeConstructorAccessorImpl.newInstance0(Native Method)
	at java.base/jdk.internal.reflect.NativeConstructorAccessorImpl.newInstance(NativeConstructorAccessorImpl.java:77)
	at java.base/jdk.internal.reflect.DelegatingConstructorAccessorImpl.newInstance(DelegatingConstructorAccessorImpl.java:45)
	at java.base/java.lang.reflect.Constructor.newInstanceWithCaller(Constructor.java:499)
	at java.base/java.lang.reflect.Constructor.newInstance(Constructor.java:480)
	at org.openqa.selenium.remote.codec.w3c.W3CHttpResponseCodec.createException(W3CHttpResponseCodec.java:200)
	at org.openqa.selenium.remote.codec.w3c.W3CHttpResponseCodec.decode(W3CHttpResponseCodec.java:133)
	at org.openqa.selenium.remote.codec.w3c.W3CHttpResponseCodec.decode(W3CHttpResponseCodec.java:53)
	at org.openqa.selenium.remote.HttpCommandExecutor.execute(HttpCommandExecutor.java:184)
	at org.openqa.selenium.remote.service.DriverCommandExecutor.invokeExecute(DriverCommandExecutor.java:164)
	at org.openqa.selenium.remote.service.DriverCommandExecutor.execute(DriverCommandExecutor.java:139)
	at org.openqa.selenium.remote.RemoteWebDriver.execute(RemoteWebDriver.java:559)
	at org.openqa.selenium.remote.ElementLocation$ElementFinder$2.findElement(ElementLocation.java:162)
	at org.openqa.selenium.remote.ElementLocation.findElement(ElementLocation.java:60)
	at org.openqa.selenium.remote.RemoteWebDriver.findElement(RemoteWebDriver.java:383)
	at org.openqa.selenium.remote.RemoteWebDriver.findElement(RemoteWebDriver.java:375)
	at org.openqa.selenium.support.pagefactory.DefaultElementLocator.findElement(DefaultElementLocator.java:70)
	at org.openqa.selenium.support.pagefactory.internal.LocatingElementHandler.invoke(LocatingElementHandler.java:39)
	at jdk.proxy2/jdk.proxy2.$Proxy16.getTagName(Unknown Source)
	at org.openqa.selenium.support.ui.Select.<init>(Select.java:46)
	at com.UtilsLayer.SelectMethods.selectValueByVisibleText(SelectMethods.java:13)
	at com.PageLayer.PIMPage.addMoreJobDetails(PIMPage.java:171)
	at com.TestLayer.PIMPageTest.validateJobDetailFunctionality(PIMPageTest.java:63)
	at java.base/jdk.internal.reflect.NativeMethodAccessorImpl.invoke0(Native Method)
	at java.base/jdk.internal.reflect.NativeMethodAccessorImpl.invoke(NativeMethodAccessorImpl.java:77)
	at java.base/jdk.internal.reflect.DelegatingMethodAccessorImpl.invoke(DelegatingMethodAccessorImpl.java:43)
	at java.base/java.lang.reflect.Method.invoke(Method.java:568)
	at org.testng.internal.MethodInvocationHelper.invokeMethod(MethodInvocationHelper.java:84)
	at org.testng.internal.Invoker.invokeMethod(Invoker.java:714)
	at org.testng.internal.Invoker.invokeTestMethod(Invoker.java:901)
	at org.testng.internal.Invoker.invokeTestMethods(Invoker.java:1231)
	at org.testng.internal.TestMethodWorker.invokeTestMethods(TestMethodWorker.java:127)
	at org.testng.internal.TestMethodWorker.run(TestMethodWorker.java:111)
	at org.testng.TestRunner.privateRun(TestRunner.java:767)
	at org.testng.TestRunner.run(TestRunner.java:617)
	at org.testng.SuiteRunner.runTest(SuiteRunner.java:334)
	at org.testng.SuiteRunner.runSequentially(SuiteRunner.java:329)
	at org.testng.SuiteRunner.privateRun(SuiteRunner.java:291)
	at org.testng.SuiteRunner.run(SuiteRunner.java:240)
	at org.testng.SuiteRunnerWorker.runSuite(SuiteRunnerWorker.java:52)
	at org.testng.SuiteRunnerWorker.run(SuiteRunnerWorker.java:86)
	at org.testng.TestNG.runSuitesSequentially(TestNG.java:1224)
	at org.testng.TestNG.runSuitesLocally(TestNG.java:1149)
	at org.testng.TestNG.run(TestNG.java:1057)
	at org.testng.remote.AbstractRemoteTestNG.run(AbstractRemoteTestNG.java:115)
	at org.testng.remote.RemoteTestNG.initAndRun(RemoteTestNG.java:251)
	at org.testng.remote.RemoteTestNG.main(RemoteTestNG.java:77)
]]>
            </full-stacktrace>
          </exception> <!-- org.openqa.selenium.NoSuchElementException -->
          <reporter-output>
          </reporter-output>
        </test-method> <!-- validateJobDetailFunctionality -->
        <test-method signature="validateUserandDelete()[pri:0, instance:com.TestLayer.PIMPageTest@7daa0fbd]" started-at="2022-04-24T21:02:54Z" name="validateUserandDelete" finished-at="2022-04-24T21:02:57Z" duration-ms="3430" status="PASS">
          <reporter-output>
          </reporter-output>
        </test-method> <!-- validateUserandDelete -->
        <test-method is-config="true" signature="tearDown()[pri:0, instance:com.TestLayer.PIMPageTest@7daa0fbd]" started-at="2022-04-24T21:02:58Z" name="tearDown" finished-at="2022-04-24T21:02:58Z" duration-ms="172" status="PASS">
          <reporter-output>
          </reporter-output>
        </test-method> <!-- tearDown -->
      </class> <!-- com.TestLayer.PIMPageTest -->
    </test> <!-- PIM Page Test  -->
  </suite> <!-- Orange HRM Test  -->
</testng-results>
